{"/home/travis/build/npmtest/node-npmtest-concurrently/test.js":{"path":"/home/travis/build/npmtest/node-npmtest-concurrently/test.js","s":{"1":2,"2":2,"3":2,"4":2,"5":2,"6":2,"7":2,"8":1,"9":2,"10":2,"11":1,"12":1,"13":1,"14":1,"15":2,"16":2,"17":2,"18":2,"19":1,"20":1,"21":2,"22":2,"23":2,"24":1,"25":1,"26":1,"27":1,"28":1,"29":1,"30":1,"31":1,"32":1,"33":1,"34":1,"35":1,"36":1,"37":1,"38":1,"39":2,"40":2,"41":1,"42":2,"43":2,"44":1,"45":2,"46":2,"47":1,"48":2,"49":2,"50":1,"51":1,"52":1,"53":1,"54":1},"b":{"1":[2,1,1,1],"2":[1,1,1,1],"3":[1,1],"4":[1,1],"5":[1,1],"6":[1,1],"7":[1,1],"8":[1,1],"9":[1,1],"10":[1,1,1],"11":[1,1],"12":[1,1],"13":[1,1],"14":[1,1],"15":[1,1],"16":[1,1],"17":[1,1]},"f":{"1":2,"2":2,"3":2,"4":2,"5":2,"6":1,"7":1,"8":1,"9":2,"10":2,"11":2,"12":2,"13":1},"fnMap":{"1":{"name":"(anonymous_1)","line":12,"loc":{"start":{"line":12,"column":1},"end":{"line":12,"column":13}}},"2":{"name":"(anonymous_2)","line":19,"loc":{"start":{"line":19,"column":5},"end":{"line":19,"column":17}}},"3":{"name":"(anonymous_3)","line":23,"loc":{"start":{"line":23,"column":24},"end":{"line":23,"column":36}}},"4":{"name":"(anonymous_4)","line":61,"loc":{"start":{"line":61,"column":5},"end":{"line":61,"column":17}}},"5":{"name":"(anonymous_5)","line":82,"loc":{"start":{"line":82,"column":5},"end":{"line":82,"column":17}}},"6":{"name":"(anonymous_6)","line":91,"loc":{"start":{"line":91,"column":77},"end":{"line":94,"column":10}}},"7":{"name":"(anonymous_7)","line":112,"loc":{"start":{"line":112,"column":83},"end":{"line":115,"column":10}},"skip":true},"8":{"name":"(anonymous_8)","line":123,"loc":{"start":{"line":123,"column":77},"end":{"line":126,"column":10}},"skip":true},"9":{"name":"(anonymous_9)","line":139,"loc":{"start":{"line":139,"column":12},"end":{"line":139,"column":40}},"skip":true},"10":{"name":"(anonymous_10)","line":147,"loc":{"start":{"line":147,"column":77},"end":{"line":150,"column":10}},"skip":true},"11":{"name":"(anonymous_11)","line":158,"loc":{"start":{"line":158,"column":83},"end":{"line":161,"column":10}},"skip":true},"12":{"name":"(anonymous_12)","line":169,"loc":{"start":{"line":169,"column":79},"end":{"line":172,"column":10}},"skip":true},"13":{"name":"(anonymous_13)","line":180,"loc":{"start":{"line":180,"column":75},"end":{"line":183,"column":10}},"skip":true}},"statementMap":{"1":{"start":{"line":12,"column":0},"end":{"line":195,"column":5}},"2":{"start":{"line":14,"column":4},"end":{"line":14,"column":14}},"3":{"start":{"line":19,"column":4},"end":{"line":56,"column":9}},"4":{"start":{"line":21,"column":8},"end":{"line":21,"column":19}},"5":{"start":{"line":23,"column":8},"end":{"line":35,"column":13}},"6":{"start":{"line":24,"column":12},"end":{"line":34,"column":13}},"7":{"start":{"line":25,"column":16},"end":{"line":28,"column":30}},"8":{"start":{"line":30,"column":16},"end":{"line":33,"column":27}},"9":{"start":{"line":37,"column":8},"end":{"line":39,"column":21}},"10":{"start":{"line":40,"column":8},"end":{"line":53,"column":9}},"11":{"start":{"line":43,"column":12},"end":{"line":46,"column":14}},"12":{"start":{"line":47,"column":12},"end":{"line":47,"column":18}},"13":{"start":{"line":50,"column":12},"end":{"line":51,"column":46}},"14":{"start":{"line":52,"column":12},"end":{"line":52,"column":18}},"15":{"start":{"line":55,"column":8},"end":{"line":55,"column":35}},"16":{"start":{"line":61,"column":4},"end":{"line":63,"column":9}},"17":{"start":{"line":62,"column":8},"end":{"line":62,"column":15}},"18":{"start":{"line":64,"column":4},"end":{"line":77,"column":5}},"19":{"start":{"line":70,"column":8},"end":{"line":70,"column":14}},"20":{"start":{"line":76,"column":8},"end":{"line":76,"column":14}},"21":{"start":{"line":82,"column":4},"end":{"line":84,"column":9}},"22":{"start":{"line":83,"column":8},"end":{"line":83,"column":15}},"23":{"start":{"line":85,"column":4},"end":{"line":194,"column":5}},"24":{"start":{"line":91,"column":8},"end":{"line":99,"column":10}},"25":{"start":{"line":98,"column":12},"end":{"line":98,"column":35}},"26":{"start":{"line":102,"column":8},"end":{"line":104,"column":63}},"27":{"start":{"line":105,"column":8},"end":{"line":105,"column":14}},"28":{"start":{"line":112,"column":8},"end":{"line":121,"column":10},"skip":true},"29":{"start":{"line":119,"column":12},"end":{"line":119,"column":55},"skip":true},"30":{"start":{"line":120,"column":12},"end":{"line":120,"column":48},"skip":true},"31":{"start":{"line":123,"column":8},"end":{"line":136,"column":10},"skip":true},"32":{"start":{"line":130,"column":12},"end":{"line":130,"column":76},"skip":true},"33":{"start":{"line":131,"column":12},"end":{"line":131,"column":73},"skip":true},"34":{"start":{"line":132,"column":12},"end":{"line":132,"column":74},"skip":true},"35":{"start":{"line":133,"column":12},"end":{"line":133,"column":79},"skip":true},"36":{"start":{"line":134,"column":12},"end":{"line":134,"column":25},"skip":true},"37":{"start":{"line":135,"column":12},"end":{"line":135,"column":45},"skip":true},"38":{"start":{"line":138,"column":8},"end":{"line":145,"column":14},"skip":true},"39":{"start":{"line":143,"column":16},"end":{"line":143,"column":29},"skip":true},"40":{"start":{"line":144,"column":16},"end":{"line":144,"column":55},"skip":true},"41":{"start":{"line":147,"column":8},"end":{"line":156,"column":10},"skip":true},"42":{"start":{"line":154,"column":12},"end":{"line":154,"column":25},"skip":true},"43":{"start":{"line":155,"column":12},"end":{"line":155,"column":45},"skip":true},"44":{"start":{"line":158,"column":8},"end":{"line":167,"column":10},"skip":true},"45":{"start":{"line":165,"column":12},"end":{"line":165,"column":25},"skip":true},"46":{"start":{"line":166,"column":12},"end":{"line":166,"column":48},"skip":true},"47":{"start":{"line":169,"column":8},"end":{"line":178,"column":10},"skip":true},"48":{"start":{"line":176,"column":12},"end":{"line":176,"column":25},"skip":true},"49":{"start":{"line":177,"column":12},"end":{"line":177,"column":46},"skip":true},"50":{"start":{"line":180,"column":8},"end":{"line":189,"column":10},"skip":true},"51":{"start":{"line":187,"column":12},"end":{"line":187,"column":94},"skip":true},"52":{"start":{"line":188,"column":12},"end":{"line":188,"column":48},"skip":true},"53":{"start":{"line":192,"column":8},"end":{"line":192,"column":35},"skip":true},"54":{"start":{"line":193,"column":8},"end":{"line":193,"column":14},"skip":true}},"branchMap":{"1":{"line":25,"type":"binary-expr","locations":[{"start":{"line":25,"column":23},"end":{"line":25,"column":62}},{"start":{"line":26,"column":20},"end":{"line":26,"column":70}},{"start":{"line":27,"column":20},"end":{"line":27,"column":71}},{"start":{"line":28,"column":20},"end":{"line":28,"column":29}}]},"2":{"line":30,"type":"binary-expr","locations":[{"start":{"line":30,"column":23},"end":{"line":30,"column":37}},{"start":{"line":31,"column":20},"end":{"line":31,"column":61}},{"start":{"line":32,"column":20},"end":{"line":32,"column":70}},{"start":{"line":33,"column":20},"end":{"line":33,"column":26}}]},"3":{"line":37,"type":"cond-expr","locations":[{"start":{"line":38,"column":14},"end":{"line":38,"column":20}},{"start":{"line":39,"column":14},"end":{"line":39,"column":20}}]},"4":{"line":40,"type":"switch","locations":[{"start":{"line":42,"column":8},"end":{"line":47,"column":18}},{"start":{"line":49,"column":8},"end":{"line":52,"column":18}}]},"5":{"line":44,"type":"binary-expr","locations":[{"start":{"line":44,"column":16},"end":{"line":44,"column":44}},{"start":{"line":44,"column":48},"end":{"line":44,"column":66}}]},"6":{"line":50,"type":"binary-expr","locations":[{"start":{"line":50,"column":21},"end":{"line":50,"column":49}},{"start":{"line":50,"column":53},"end":{"line":50,"column":72}}]},"7":{"line":64,"type":"switch","locations":[{"start":{"line":69,"column":4},"end":{"line":70,"column":14}},{"start":{"line":75,"column":4},"end":{"line":76,"column":14}}]},"8":{"line":85,"type":"switch","locations":[{"start":{"line":90,"column":4},"end":{"line":105,"column":14}},{"start":{"line":111,"column":4},"end":{"line":193,"column":14},"skip":true}]},"9":{"line":91,"type":"binary-expr","locations":[{"start":{"line":91,"column":42},"end":{"line":91,"column":73}},{"start":{"line":91,"column":77},"end":{"line":99,"column":9}}]},"10":{"line":102,"type":"binary-expr","locations":[{"start":{"line":102,"column":18},"end":{"line":102,"column":32}},{"start":{"line":103,"column":12},"end":{"line":103,"column":53}},{"start":{"line":104,"column":12},"end":{"line":104,"column":61}}]},"11":{"line":112,"type":"binary-expr","locations":[{"start":{"line":112,"column":45},"end":{"line":112,"column":79},"skip":true},{"start":{"line":112,"column":83},"end":{"line":121,"column":9},"skip":true}]},"12":{"line":123,"type":"binary-expr","locations":[{"start":{"line":123,"column":42},"end":{"line":123,"column":73},"skip":true},{"start":{"line":123,"column":77},"end":{"line":136,"column":9},"skip":true}]},"13":{"line":138,"type":"binary-expr","locations":[{"start":{"line":138,"column":48},"end":{"line":138,"column":85},"skip":true},{"start":{"line":139,"column":12},"end":{"line":145,"column":13},"skip":true}]},"14":{"line":147,"type":"binary-expr","locations":[{"start":{"line":147,"column":42},"end":{"line":147,"column":73},"skip":true},{"start":{"line":147,"column":77},"end":{"line":156,"column":9},"skip":true}]},"15":{"line":158,"type":"binary-expr","locations":[{"start":{"line":158,"column":45},"end":{"line":158,"column":79},"skip":true},{"start":{"line":158,"column":83},"end":{"line":167,"column":9},"skip":true}]},"16":{"line":169,"type":"binary-expr","locations":[{"start":{"line":169,"column":43},"end":{"line":169,"column":75},"skip":true},{"start":{"line":169,"column":79},"end":{"line":178,"column":9},"skip":true}]},"17":{"line":180,"type":"binary-expr","locations":[{"start":{"line":180,"column":41},"end":{"line":180,"column":71},"skip":true},{"start":{"line":180,"column":75},"end":{"line":189,"column":9},"skip":true}]}},"code":["/* istanbul instrument in package npmtest_concurrently */","/*jslint","    bitwise: true,","    browser: true,","    maxerr: 8,","    maxlen: 96,","    node: true,","    nomen: true,","    regexp: true,","    stupid: true","*/","(function () {","    'use strict';","    var local;","","","","    // run shared js-env code - pre-init","    (function () {","        // init local","        local = {};","        // init modeJs","        local.modeJs = (function () {","            try {","                return typeof navigator.userAgent === 'string' &&","                    typeof document.querySelector('body') === 'object' &&","                    typeof XMLHttpRequest.prototype.open === 'function' &&","                    'browser';","            } catch (errorCaughtBrowser) {","                return module.exports &&","                    typeof process.versions.node === 'string' &&","                    typeof require('http').createServer === 'function' &&","                    'node';","            }","        }());","        // init global","        local.global = local.modeJs === 'browser'","            ? window","            : global;","        switch (local.modeJs) {","        // re-init local from window.local","        case 'browser':","            local = local.global.utility2.objectSetDefault(","                local.global.utility2_rollup || local.global.local,","                local.global.utility2","            );","            break;","        // re-init local from example.js","        case 'node':","            local = (local.global.utility2_rollup || require('utility2'))","                .requireExampleJsFromReadme();","            break;","        }","        // export local","        local.global.local = local;","    }());","","","","    // run shared js-env code - function","    (function () {","        return;","    }());","    switch (local.modeJs) {","","","","    // run browser js-env code - function","    case 'browser':","        break;","","","","    // run node js-env code - function","    case 'node':","        break;","    }","","","","    // run shared js-env code - post-init","    (function () {","        return;","    }());","    switch (local.modeJs) {","","","","    // run browser js-env code - post-init","    case 'browser':","        local.testCase_browser_nullCase = local.testCase_browser_nullCase || function (","            options,","            onError","        ) {","        /*","         * this function will test browsers's null-case handling-behavior-behavior","         */","            onError(null, options);","        };","","        // run tests","        local.nop(local.modeTest &&","            document.querySelector('#testRunButton1') &&","            document.querySelector('#testRunButton1').click());","        break;","","","","    // run node js-env code - post-init","    /* istanbul ignore next */","    case 'node':","        local.testCase_buildApidoc_default = local.testCase_buildApidoc_default || function (","            options,","            onError","        ) {","        /*","         * this function will test buildApidoc's default handling-behavior-behavior","         */","            options = { modulePathList: module.paths };","            local.buildApidoc(options, onError);","        };","","        local.testCase_buildApp_default = local.testCase_buildApp_default || function (","            options,","            onError","        ) {","        /*","         * this function will test buildApp's default handling-behavior-behavior","         */","            local.testCase_buildReadme_default(options, local.onErrorThrow);","            local.testCase_buildLib_default(options, local.onErrorThrow);","            local.testCase_buildTest_default(options, local.onErrorThrow);","            local.testCase_buildCustomOrg_default(options, local.onErrorThrow);","            options = [];","            local.buildApp(options, onError);","        };","","        local.testCase_buildCustomOrg_default = local.testCase_buildCustomOrg_default ||","            function (options, onError) {","            /*","             * this function will test buildCustomOrg's default handling-behavior","             */","                options = {};","                local.buildCustomOrg(options, onError);","            };","","        local.testCase_buildLib_default = local.testCase_buildLib_default || function (","            options,","            onError","        ) {","        /*","         * this function will test buildLib's default handling-behavior","         */","            options = {};","            local.buildLib(options, onError);","        };","","        local.testCase_buildReadme_default = local.testCase_buildReadme_default || function (","            options,","            onError","        ) {","        /*","         * this function will test buildReadme's default handling-behavior-behavior","         */","            options = {};","            local.buildReadme(options, onError);","        };","","        local.testCase_buildTest_default = local.testCase_buildTest_default || function (","            options,","            onError","        ) {","        /*","         * this function will test buildTest's default handling-behavior","         */","            options = {};","            local.buildTest(options, onError);","        };","","        local.testCase_webpage_default = local.testCase_webpage_default || function (","            options,","            onError","        ) {","        /*","         * this function will test webpage's default handling-behavior","         */","            options = { modeCoverageMerge: true, url: local.serverLocalHost + '?modeTest=1' };","            local.browserTest(options, onError);","        };","","        // run test-server","        local.testRunServer(local);","        break;","    }","}());",""],"l":{"12":2,"14":2,"19":2,"21":2,"23":2,"24":2,"25":2,"30":1,"37":2,"40":2,"43":1,"47":1,"50":1,"52":1,"55":2,"61":2,"62":2,"64":2,"70":1,"76":1,"82":2,"83":2,"85":2,"91":1,"98":1,"102":1,"105":1,"112":1,"119":1,"120":1,"123":1,"130":1,"131":1,"132":1,"133":1,"134":1,"135":1,"138":1,"143":2,"144":2,"147":1,"154":2,"155":2,"158":1,"165":2,"166":2,"169":1,"176":2,"177":2,"180":1,"187":1,"188":1,"192":1,"193":1}},"/home/travis/build/npmtest/node-npmtest-concurrently/lib.npmtest_concurrently.js":{"path":"/home/travis/build/npmtest/node-npmtest-concurrently/lib.npmtest_concurrently.js","s":{"1":2,"2":2,"3":2,"4":2,"5":2,"6":2,"7":2,"8":1,"9":2,"10":2,"11":2,"12":2,"13":1,"14":1,"15":1,"16":1},"b":{"1":[2,1,1,1],"2":[1,1,1,1],"3":[1,1],"4":[2,2],"5":[1,1]},"f":{"1":2,"2":2,"3":2},"fnMap":{"1":{"name":"(anonymous_1)","line":12,"loc":{"start":{"line":12,"column":1},"end":{"line":12,"column":13}}},"2":{"name":"(anonymous_2)","line":19,"loc":{"start":{"line":19,"column":5},"end":{"line":19,"column":17}}},"3":{"name":"(anonymous_3)","line":23,"loc":{"start":{"line":23,"column":24},"end":{"line":23,"column":36}}}},"statementMap":{"1":{"start":{"line":12,"column":0},"end":{"line":53,"column":5}},"2":{"start":{"line":14,"column":4},"end":{"line":14,"column":14}},"3":{"start":{"line":19,"column":4},"end":{"line":52,"column":9}},"4":{"start":{"line":21,"column":8},"end":{"line":21,"column":19}},"5":{"start":{"line":23,"column":8},"end":{"line":35,"column":13}},"6":{"start":{"line":24,"column":12},"end":{"line":34,"column":13}},"7":{"start":{"line":25,"column":16},"end":{"line":28,"column":30}},"8":{"start":{"line":30,"column":16},"end":{"line":33,"column":27}},"9":{"start":{"line":37,"column":8},"end":{"line":39,"column":21}},"10":{"start":{"line":41,"column":8},"end":{"line":41,"column":54}},"11":{"start":{"line":43,"column":8},"end":{"line":43,"column":57}},"12":{"start":{"line":45,"column":8},"end":{"line":51,"column":9}},"13":{"start":{"line":46,"column":12},"end":{"line":46,"column":63}},"14":{"start":{"line":48,"column":12},"end":{"line":48,"column":35}},"15":{"start":{"line":49,"column":12},"end":{"line":49,"column":49}},"16":{"start":{"line":50,"column":12},"end":{"line":50,"column":43}}},"branchMap":{"1":{"line":25,"type":"binary-expr","locations":[{"start":{"line":25,"column":23},"end":{"line":25,"column":62}},{"start":{"line":26,"column":20},"end":{"line":26,"column":70}},{"start":{"line":27,"column":20},"end":{"line":27,"column":71}},{"start":{"line":28,"column":20},"end":{"line":28,"column":29}}]},"2":{"line":30,"type":"binary-expr","locations":[{"start":{"line":30,"column":23},"end":{"line":30,"column":37}},{"start":{"line":31,"column":20},"end":{"line":31,"column":61}},{"start":{"line":32,"column":20},"end":{"line":32,"column":70}},{"start":{"line":33,"column":20},"end":{"line":33,"column":26}}]},"3":{"line":37,"type":"cond-expr","locations":[{"start":{"line":38,"column":14},"end":{"line":38,"column":20}},{"start":{"line":39,"column":14},"end":{"line":39,"column":20}}]},"4":{"line":41,"type":"binary-expr","locations":[{"start":{"line":41,"column":16},"end":{"line":41,"column":44}},{"start":{"line":41,"column":48},"end":{"line":41,"column":53}}]},"5":{"line":45,"type":"if","locations":[{"start":{"line":45,"column":8},"end":{"line":45,"column":8}},{"start":{"line":45,"column":8},"end":{"line":45,"column":8}}]}},"code":["/* istanbul instrument in package npmtest_concurrently */","/*jslint","    bitwise: true,","    browser: true,","    maxerr: 8,","    maxlen: 96,","    node: true,","    nomen: true,","    regexp: true,","    stupid: true","*/","(function () {","    'use strict';","    var local;","","","","    // run shared js-env code - pre-init","    (function () {","        // init local","        local = {};","        // init modeJs","        local.modeJs = (function () {","            try {","                return typeof navigator.userAgent === 'string' &&","                    typeof document.querySelector('body') === 'object' &&","                    typeof XMLHttpRequest.prototype.open === 'function' &&","                    'browser';","            } catch (errorCaughtBrowser) {","                return module.exports &&","                    typeof process.versions.node === 'string' &&","                    typeof require('http').createServer === 'function' &&","                    'node';","            }","        }());","        // init global","        local.global = local.modeJs === 'browser'","            ? window","            : global;","        // init utility2_rollup","        local = local.global.utility2_rollup || local;","        // init lib","        local.local = local.npmtest_concurrently = local;","        // init exports","        if (local.modeJs === 'browser') {","            local.global.utility2_npmtest_concurrently = local;","        } else {","            module.exports = local;","            module.exports.__dirname = __dirname;","            module.exports.module = module;","        }","    }());","}());",""],"l":{"12":2,"14":2,"19":2,"21":2,"23":2,"24":2,"25":2,"30":1,"37":2,"41":2,"43":2,"45":2,"46":1,"48":1,"49":1,"50":1}},"/home/travis/build/npmtest/node-npmtest-concurrently/example.js":{"path":"/home/travis/build/npmtest/node-npmtest-concurrently/example.js","s":{"1":2,"2":2,"3":2,"4":2,"5":2,"6":2,"7":2,"8":1,"9":2,"10":2,"11":2,"12":2,"13":1,"14":2,"15":2,"16":2,"17":2,"18":2,"19":0,"20":2,"21":1,"22":1,"23":1,"24":1,"25":1,"26":0,"27":0,"28":1,"29":1,"30":2,"31":0,"32":0,"33":0,"34":1,"35":2,"36":2,"37":3,"38":3,"39":3,"40":3,"41":0,"42":3,"43":3,"44":3,"45":1,"46":3,"47":1,"48":1,"49":1,"50":1,"51":1,"52":1,"53":1,"54":1,"55":1,"56":1,"57":0,"58":1,"59":6,"60":6,"61":1,"62":2,"63":0,"64":2,"65":1,"66":1,"67":0,"68":0,"69":0,"70":0,"71":0,"72":0,"73":0,"74":0,"75":0,"76":0,"77":0,"78":0,"79":0,"80":0,"81":0,"82":0,"83":0},"b":{"1":[2,1,1,1],"2":[1,1,1,1],"3":[1,1],"4":[2,2],"5":[1,1],"6":[1,1],"7":[2,0],"8":[2,1,1,1,1,1],"9":[0,2,0],"10":[1,1],"11":[2,1,1],"12":[1,0],"13":[0,2],"14":[2,0,0,0,0,0,0],"15":[0,3],"16":[3,0],"17":[1,1],"18":[0,1],"19":[1,2,0,2],"20":[1,0],"21":[1,1],"22":[0,0],"23":[0,0],"24":[0,0],"25":[0,0],"26":[0,0],"27":[0,0],"28":[0,0]},"f":{"1":2,"2":2,"3":2,"4":2,"5":2,"6":2,"7":3,"8":3,"9":3,"10":1,"11":6,"12":0},"fnMap":{"1":{"name":"(anonymous_1)","line":26,"loc":{"start":{"line":26,"column":1},"end":{"line":26,"column":13}}},"2":{"name":"(anonymous_2)","line":33,"loc":{"start":{"line":33,"column":5},"end":{"line":33,"column":17}}},"3":{"name":"(anonymous_3)","line":37,"loc":{"start":{"line":37,"column":24},"end":{"line":37,"column":36}}},"4":{"name":"(anonymous_4)","line":69,"loc":{"start":{"line":69,"column":31},"end":{"line":69,"column":48}},"skip":true},"5":{"name":"(anonymous_5)","line":78,"loc":{"start":{"line":78,"column":26},"end":{"line":78,"column":45}},"skip":true},"6":{"name":"(anonymous_6)","line":123,"loc":{"start":{"line":123,"column":33},"end":{"line":123,"column":48}},"skip":true},"7":{"name":"(anonymous_7)","line":125,"loc":{"start":{"line":125,"column":27},"end":{"line":125,"column":39}},"skip":true},"8":{"name":"(anonymous_8)","line":133,"loc":{"start":{"line":133,"column":59},"end":{"line":133,"column":74}},"skip":true},"9":{"name":"(anonymous_9)","line":143,"loc":{"start":{"line":143,"column":45},"end":{"line":143,"column":62}},"skip":true},"10":{"name":"(anonymous_10)","line":144,"loc":{"start":{"line":144,"column":73},"end":{"line":144,"column":92}},"skip":true},"11":{"name":"(anonymous_11)","line":272,"loc":{"start":{"line":272,"column":51},"end":{"line":272,"column":77}},"skip":true},"12":{"name":"(anonymous_12)","line":315,"loc":{"start":{"line":315,"column":32},"end":{"line":315,"column":61}},"skip":true}},"statementMap":{"1":{"start":{"line":26,"column":0},"end":{"line":326,"column":5}},"2":{"start":{"line":28,"column":4},"end":{"line":28,"column":14}},"3":{"start":{"line":33,"column":4},"end":{"line":60,"column":9}},"4":{"start":{"line":35,"column":8},"end":{"line":35,"column":19}},"5":{"start":{"line":37,"column":8},"end":{"line":49,"column":13}},"6":{"start":{"line":38,"column":12},"end":{"line":48,"column":13}},"7":{"start":{"line":39,"column":16},"end":{"line":42,"column":30}},"8":{"start":{"line":44,"column":16},"end":{"line":47,"column":27}},"9":{"start":{"line":51,"column":8},"end":{"line":53,"column":21}},"10":{"start":{"line":55,"column":8},"end":{"line":57,"column":45}},"11":{"start":{"line":59,"column":8},"end":{"line":59,"column":35}},"12":{"start":{"line":61,"column":4},"end":{"line":325,"column":5}},"13":{"start":{"line":69,"column":8},"end":{"line":121,"column":10},"skip":true},"14":{"start":{"line":70,"column":12},"end":{"line":88,"column":13},"skip":true},"15":{"start":{"line":76,"column":16},"end":{"line":87,"column":19},"skip":true},"16":{"start":{"line":79,"column":20},"end":{"line":86,"column":21},"skip":true},"17":{"start":{"line":82,"column":24},"end":{"line":82,"column":43},"skip":true},"18":{"start":{"line":83,"column":24},"end":{"line":83,"column":30},"skip":true},"19":{"start":{"line":85,"column":24},"end":{"line":85,"column":49},"skip":true},"20":{"start":{"line":89,"column":12},"end":{"line":107,"column":13},"skip":true},"21":{"start":{"line":92,"column":16},"end":{"line":102,"column":17},"skip":true},"22":{"start":{"line":93,"column":20},"end":{"line":93,"column":86},"skip":true},"23":{"start":{"line":94,"column":20},"end":{"line":95,"column":45},"skip":true},"24":{"start":{"line":96,"column":20},"end":{"line":96,"column":42},"skip":true},"25":{"start":{"line":97,"column":20},"end":{"line":97,"column":48},"skip":true},"26":{"start":{"line":100,"column":20},"end":{"line":100,"column":85},"skip":true},"27":{"start":{"line":101,"column":20},"end":{"line":101,"column":96},"skip":true},"28":{"start":{"line":103,"column":16},"end":{"line":103,"column":22},"skip":true},"29":{"start":{"line":106,"column":16},"end":{"line":106,"column":22},"skip":true},"30":{"start":{"line":108,"column":12},"end":{"line":120,"column":13},"skip":true},"31":{"start":{"line":114,"column":16},"end":{"line":119,"column":17},"skip":true},"32":{"start":{"line":116,"column":20},"end":{"line":116,"column":78},"skip":true},"33":{"start":{"line":118,"column":20},"end":{"line":118,"column":47},"skip":true},"34":{"start":{"line":123,"column":8},"end":{"line":141,"column":11},"skip":true},"35":{"start":{"line":124,"column":12},"end":{"line":124,"column":54},"skip":true},"36":{"start":{"line":125,"column":12},"end":{"line":140,"column":14},"skip":true},"37":{"start":{"line":126,"column":16},"end":{"line":126,"column":28},"skip":true},"38":{"start":{"line":127,"column":16},"end":{"line":127,"column":69},"skip":true},"39":{"start":{"line":128,"column":16},"end":{"line":128,"column":75},"skip":true},"40":{"start":{"line":129,"column":16},"end":{"line":131,"column":17},"skip":true},"41":{"start":{"line":130,"column":20},"end":{"line":130,"column":27},"skip":true},"42":{"start":{"line":133,"column":16},"end":{"line":137,"column":36},"skip":true},"43":{"start":{"line":134,"column":20},"end":{"line":136,"column":55},"skip":true},"44":{"start":{"line":139,"column":16},"end":{"line":139,"column":57},"skip":true},"45":{"start":{"line":143,"column":8},"end":{"line":147,"column":11},"skip":true},"46":{"start":{"line":144,"column":12},"end":{"line":146,"column":15},"skip":true},"47":{"start":{"line":145,"column":16},"end":{"line":145,"column":70},"skip":true},"48":{"start":{"line":149,"column":8},"end":{"line":149,"column":31},"skip":true},"49":{"start":{"line":150,"column":8},"end":{"line":150,"column":14},"skip":true},"50":{"start":{"line":158,"column":8},"end":{"line":158,"column":31},"skip":true},"51":{"start":{"line":160,"column":8},"end":{"line":160,"column":33},"skip":true},"52":{"start":{"line":161,"column":8},"end":{"line":161,"column":37},"skip":true},"53":{"start":{"line":162,"column":8},"end":{"line":162,"column":35},"skip":true},"54":{"start":{"line":164,"column":8},"end":{"line":164,"column":50},"skip":true},"55":{"start":{"line":166,"column":8},"end":{"line":256,"column":2},"skip":true},"56":{"start":{"line":258,"column":8},"end":{"line":286,"column":9},"skip":true},"57":{"start":{"line":259,"column":12},"end":{"line":269,"column":14},"skip":true},"58":{"start":{"line":271,"column":12},"end":{"line":285,"column":19},"skip":true},"59":{"start":{"line":274,"column":20},"end":{"line":274,"column":35},"skip":true},"60":{"start":{"line":275,"column":20},"end":{"line":284,"column":21},"skip":true},"61":{"start":{"line":277,"column":24},"end":{"line":277,"column":64},"skip":true},"62":{"start":{"line":279,"column":24},"end":{"line":279,"column":40},"skip":true},"63":{"start":{"line":281,"column":24},"end":{"line":281,"column":40},"skip":true},"64":{"start":{"line":283,"column":24},"end":{"line":283,"column":39},"skip":true},"65":{"start":{"line":288,"column":8},"end":{"line":290,"column":9},"skip":true},"66":{"start":{"line":289,"column":12},"end":{"line":289,"column":18},"skip":true},"67":{"start":{"line":291,"column":8},"end":{"line":293,"column":54},"skip":true},"68":{"start":{"line":296,"column":8},"end":{"line":301,"column":37},"skip":true},"69":{"start":{"line":303,"column":8},"end":{"line":303,"column":82},"skip":true},"70":{"start":{"line":306,"column":8},"end":{"line":308,"column":9},"skip":true},"71":{"start":{"line":307,"column":12},"end":{"line":307,"column":82},"skip":true},"72":{"start":{"line":310,"column":8},"end":{"line":312,"column":9},"skip":true},"73":{"start":{"line":311,"column":12},"end":{"line":311,"column":18},"skip":true},"74":{"start":{"line":313,"column":8},"end":{"line":313,"column":54},"skip":true},"75":{"start":{"line":314,"column":8},"end":{"line":314,"column":69},"skip":true},"76":{"start":{"line":315,"column":8},"end":{"line":323,"column":36},"skip":true},"77":{"start":{"line":316,"column":12},"end":{"line":316,"column":61},"skip":true},"78":{"start":{"line":317,"column":12},"end":{"line":320,"column":13},"skip":true},"79":{"start":{"line":318,"column":16},"end":{"line":318,"column":75},"skip":true},"80":{"start":{"line":319,"column":16},"end":{"line":319,"column":23},"skip":true},"81":{"start":{"line":321,"column":12},"end":{"line":321,"column":38},"skip":true},"82":{"start":{"line":322,"column":12},"end":{"line":322,"column":27},"skip":true},"83":{"start":{"line":324,"column":8},"end":{"line":324,"column":14},"skip":true}},"branchMap":{"1":{"line":39,"type":"binary-expr","locations":[{"start":{"line":39,"column":23},"end":{"line":39,"column":62}},{"start":{"line":40,"column":20},"end":{"line":40,"column":70}},{"start":{"line":41,"column":20},"end":{"line":41,"column":71}},{"start":{"line":42,"column":20},"end":{"line":42,"column":29}}]},"2":{"line":44,"type":"binary-expr","locations":[{"start":{"line":44,"column":23},"end":{"line":44,"column":37}},{"start":{"line":45,"column":20},"end":{"line":45,"column":61}},{"start":{"line":46,"column":20},"end":{"line":46,"column":70}},{"start":{"line":47,"column":20},"end":{"line":47,"column":26}}]},"3":{"line":51,"type":"cond-expr","locations":[{"start":{"line":52,"column":14},"end":{"line":52,"column":20}},{"start":{"line":53,"column":14},"end":{"line":53,"column":20}}]},"4":{"line":55,"type":"binary-expr","locations":[{"start":{"line":55,"column":16},"end":{"line":55,"column":44}},{"start":{"line":55,"column":49},"end":{"line":57,"column":43}}]},"5":{"line":55,"type":"cond-expr","locations":[{"start":{"line":56,"column":14},"end":{"line":56,"column":56}},{"start":{"line":57,"column":14},"end":{"line":57,"column":43}}]},"6":{"line":61,"type":"switch","locations":[{"start":{"line":68,"column":4},"end":{"line":150,"column":14},"skip":true},{"start":{"line":156,"column":4},"end":{"line":324,"column":14},"skip":true}]},"7":{"line":70,"type":"if","locations":[{"start":{"line":70,"column":12},"end":{"line":70,"column":12},"skip":true},{"start":{"line":70,"column":12},"end":{"line":70,"column":12},"skip":true}]},"8":{"line":70,"type":"binary-expr","locations":[{"start":{"line":70,"column":16},"end":{"line":70,"column":22},"skip":true},{"start":{"line":70,"column":27},"end":{"line":70,"column":32},"skip":true},{"start":{"line":71,"column":20},"end":{"line":71,"column":39},"skip":true},{"start":{"line":72,"column":20},"end":{"line":72,"column":49},"skip":true},{"start":{"line":73,"column":20},"end":{"line":73,"column":58},"skip":true},{"start":{"line":74,"column":20},"end":{"line":74,"column":69},"skip":true}]},"9":{"line":79,"type":"switch","locations":[{"start":{"line":80,"column":20},"end":{"line":80,"column":33},"skip":true},{"start":{"line":81,"column":20},"end":{"line":83,"column":30},"skip":true},{"start":{"line":84,"column":20},"end":{"line":85,"column":49},"skip":true}]},"10":{"line":89,"type":"switch","locations":[{"start":{"line":90,"column":12},"end":{"line":103,"column":22},"skip":true},{"start":{"line":105,"column":12},"end":{"line":106,"column":22},"skip":true}]},"11":{"line":89,"type":"binary-expr","locations":[{"start":{"line":89,"column":20},"end":{"line":89,"column":25},"skip":true},{"start":{"line":89,"column":29},"end":{"line":89,"column":48},"skip":true},{"start":{"line":89,"column":52},"end":{"line":89,"column":74},"skip":true}]},"12":{"line":92,"type":"if","locations":[{"start":{"line":92,"column":16},"end":{"line":92,"column":16},"skip":true},{"start":{"line":92,"column":16},"end":{"line":92,"column":16},"skip":true}]},"13":{"line":108,"type":"if","locations":[{"start":{"line":108,"column":12},"end":{"line":108,"column":12},"skip":true},{"start":{"line":108,"column":12},"end":{"line":108,"column":12},"skip":true}]},"14":{"line":108,"type":"binary-expr","locations":[{"start":{"line":108,"column":16},"end":{"line":108,"column":61},"skip":true},{"start":{"line":108,"column":66},"end":{"line":108,"column":72},"skip":true},{"start":{"line":108,"column":77},"end":{"line":108,"column":82},"skip":true},{"start":{"line":109,"column":20},"end":{"line":109,"column":39},"skip":true},{"start":{"line":110,"column":20},"end":{"line":110,"column":49},"skip":true},{"start":{"line":111,"column":20},"end":{"line":111,"column":58},"skip":true},{"start":{"line":112,"column":20},"end":{"line":112,"column":68},"skip":true}]},"15":{"line":129,"type":"if","locations":[{"start":{"line":129,"column":16},"end":{"line":129,"column":16},"skip":true},{"start":{"line":129,"column":16},"end":{"line":129,"column":16},"skip":true}]},"16":{"line":134,"type":"cond-expr","locations":[{"start":{"line":135,"column":26},"end":{"line":135,"column":29},"skip":true},{"start":{"line":136,"column":26},"end":{"line":136,"column":54},"skip":true}]},"17":{"line":164,"type":"binary-expr","locations":[{"start":{"line":164,"column":27},"end":{"line":164,"column":43},"skip":true},{"start":{"line":164,"column":47},"end":{"line":164,"column":49},"skip":true}]},"18":{"line":258,"type":"if","locations":[{"start":{"line":258,"column":8},"end":{"line":258,"column":8},"skip":true},{"start":{"line":258,"column":8},"end":{"line":258,"column":8},"skip":true}]},"19":{"line":275,"type":"switch","locations":[{"start":{"line":276,"column":20},"end":{"line":277,"column":64},"skip":true},{"start":{"line":278,"column":20},"end":{"line":279,"column":40},"skip":true},{"start":{"line":280,"column":20},"end":{"line":281,"column":40},"skip":true},{"start":{"line":282,"column":20},"end":{"line":283,"column":39},"skip":true}]},"20":{"line":288,"type":"if","locations":[{"start":{"line":288,"column":8},"end":{"line":288,"column":8},"skip":true},{"start":{"line":288,"column":8},"end":{"line":288,"column":8},"skip":true}]},"21":{"line":288,"type":"binary-expr","locations":[{"start":{"line":288,"column":12},"end":{"line":288,"column":40},"skip":true},{"start":{"line":288,"column":44},"end":{"line":288,"column":67},"skip":true}]},"22":{"line":292,"type":"binary-expr","locations":[{"start":{"line":292,"column":12},"end":{"line":292,"column":50},"skip":true},{"start":{"line":293,"column":12},"end":{"line":293,"column":53},"skip":true}]},"23":{"line":297,"type":"binary-expr","locations":[{"start":{"line":297,"column":12},"end":{"line":297,"column":70},"skip":true},{"start":{"line":298,"column":12},"end":{"line":301,"column":36},"skip":true}]},"24":{"line":303,"type":"binary-expr","locations":[{"start":{"line":303,"column":43},"end":{"line":303,"column":75},"skip":true},{"start":{"line":303,"column":79},"end":{"line":303,"column":81},"skip":true}]},"25":{"line":306,"type":"if","locations":[{"start":{"line":306,"column":8},"end":{"line":306,"column":8},"skip":true},{"start":{"line":306,"column":8},"end":{"line":306,"column":8},"skip":true}]},"26":{"line":310,"type":"if","locations":[{"start":{"line":310,"column":8},"end":{"line":310,"column":8},"skip":true},{"start":{"line":310,"column":8},"end":{"line":310,"column":8},"skip":true}]},"27":{"line":313,"type":"binary-expr","locations":[{"start":{"line":313,"column":27},"end":{"line":313,"column":43},"skip":true},{"start":{"line":313,"column":47},"end":{"line":313,"column":53},"skip":true}]},"28":{"line":317,"type":"if","locations":[{"start":{"line":317,"column":12},"end":{"line":317,"column":12},"skip":true},{"start":{"line":317,"column":12},"end":{"line":317,"column":12},"skip":true}]}},"code":["/*","example.js","","quickstart example","","instruction","    1. save this script as example.js","    2. run the shell command:","        $ npm install npmtest-concurrently && PORT=8081 node example.js","    3. play with the browser-demo on http://127.0.0.1:8081","*/","","","","/* istanbul instrument in package npmtest_concurrently */","/*jslint","    bitwise: true,","    browser: true,","    maxerr: 8,","    maxlen: 96,","    node: true,","    nomen: true,","    regexp: true,","    stupid: true","*/","(function () {","    'use strict';","    var local;","","","","    // run shared js-env code - pre-init","    (function () {","        // init local","        local = {};","        // init modeJs","        local.modeJs = (function () {","            try {","                return typeof navigator.userAgent === 'string' &&","                    typeof document.querySelector('body') === 'object' &&","                    typeof XMLHttpRequest.prototype.open === 'function' &&","                    'browser';","            } catch (errorCaughtBrowser) {","                return module.exports &&","                    typeof process.versions.node === 'string' &&","                    typeof require('http').createServer === 'function' &&","                    'node';","            }","        }());","        // init global","        local.global = local.modeJs === 'browser'","            ? window","            : global;","        // init utility2_rollup","        local = local.global.utility2_rollup || (local.modeJs === 'browser'","            ? local.global.utility2_npmtest_concurrently","            : global.utility2_moduleExports);","        // export local","        local.global.local = local;","    }());","    switch (local.modeJs) {","","","","    // post-init","    // run browser js-env code - post-init","    /* istanbul ignore next */","    case 'browser':","        local.testRunBrowser = function (event) {","            if (!event || (event &&","                    event.currentTarget &&","                    event.currentTarget.className &&","                    event.currentTarget.className.includes &&","                    event.currentTarget.className.includes('onreset'))) {","                // reset output","                Array.from(","                    document.querySelectorAll('body > .resettable')","                ).forEach(function (element) {","                    switch (element.tagName) {","                    case 'INPUT':","                    case 'TEXTAREA':","                        element.value = '';","                        break;","                    default:","                        element.textContent = '';","                    }","                });","            }","            switch (event && event.currentTarget && event.currentTarget.id) {","            case 'testRunButton1':","                // show tests","                if (document.querySelector('#testReportDiv1').style.display === 'none') {","                    document.querySelector('#testReportDiv1').style.display = 'block';","                    document.querySelector('#testRunButton1').textContent =","                        'hide internal test';","                    local.modeTest = true;","                    local.testRunDefault(local);","                // hide tests","                } else {","                    document.querySelector('#testReportDiv1').style.display = 'none';","                    document.querySelector('#testRunButton1').textContent = 'run internal test';","                }","                break;","            // custom-case","            default:","                break;","            }","            if (document.querySelector('#inputTextareaEval1') && (!event || (event &&","                    event.currentTarget &&","                    event.currentTarget.className &&","                    event.currentTarget.className.includes &&","                    event.currentTarget.className.includes('oneval')))) {","                // try to eval input-code","                try {","                    /*jslint evil: true*/","                    eval(document.querySelector('#inputTextareaEval1').value);","                } catch (errorCaught) {","                    console.error(errorCaught);","                }","            }","        };","        // log stderr and stdout to #outputTextareaStdout1","        ['error', 'log'].forEach(function (key) {","            console[key + '_original'] = console[key];","            console[key] = function () {","                var element;","                console[key + '_original'].apply(console, arguments);","                element = document.querySelector('#outputTextareaStdout1');","                if (!element) {","                    return;","                }","                // append text to #outputTextareaStdout1","                element.value += Array.from(arguments).map(function (arg) {","                    return typeof arg === 'string'","                        ? arg","                        : JSON.stringify(arg, null, 4);","                }).join(' ') + '\\n';","                // scroll textarea to bottom","                element.scrollTop = element.scrollHeight;","            };","        });","        // init event-handling","        ['change', 'click', 'keyup'].forEach(function (event) {","            Array.from(document.querySelectorAll('.on' + event)).forEach(function (element) {","                element.addEventListener(event, local.testRunBrowser);","            });","        });","        // run tests","        local.testRunBrowser();","        break;","","","","    // run node js-env code - post-init","    /* istanbul ignore next */","    case 'node':","        // export local","        module.exports = local;","        // require modules","        local.fs = require('fs');","        local.http = require('http');","        local.url = require('url');","        // init assets","        local.assetsDict = local.assetsDict || {};","        /* jslint-ignore-begin */","        local.assetsDict['/assets.index.template.html'] = '\\","<!doctype html>\\n\\","<html lang=\"en\">\\n\\","<head>\\n\\","<meta charset=\"UTF-8\">\\n\\","<meta name=\"viewport\" content=\"width=device-width, initial-scale=1\">\\n\\","<title>{{env.npm_package_name}} (v{{env.npm_package_version}})</title>\\n\\","<style>\\n\\","/*csslint\\n\\","    box-sizing: false,\\n\\","    universal-selector: false\\n\\","*/\\n\\","* {\\n\\","    box-sizing: border-box;\\n\\","}\\n\\","body {\\n\\","    background: #dde;\\n\\","    font-family: Arial, Helvetica, sans-serif;\\n\\","    margin: 2rem;\\n\\","}\\n\\","body > * {\\n\\","    margin-bottom: 1rem;\\n\\","}\\n\\",".utility2FooterDiv {\\n\\","    margin-top: 20px;\\n\\","    text-align: center;\\n\\","}\\n\\","</style>\\n\\","<style>\\n\\","/*csslint\\n\\","*/\\n\\","textarea {\\n\\","    font-family: monospace;\\n\\","    height: 10rem;\\n\\","    width: 100%;\\n\\","}\\n\\","textarea[readonly] {\\n\\","    background: #ddd;\\n\\","}\\n\\","</style>\\n\\","</head>\\n\\","<body>\\n\\","<!-- utility2-comment\\n\\","<div id=\"ajaxProgressDiv1\" style=\"background: #d00; height: 2px; left: 0; margin: 0; padding: 0; position: fixed; top: 0; transition: background 0.5s, width 1.5s; width: 25%;\"></div>\\n\\","utility2-comment -->\\n\\","<h1>\\n\\","<!-- utility2-comment\\n\\","    <a\\n\\","        {{#if env.npm_package_homepage}}\\n\\","        href=\"{{env.npm_package_homepage}}\"\\n\\","        {{/if env.npm_package_homepage}}\\n\\","        target=\"_blank\"\\n\\","    >\\n\\","utility2-comment -->\\n\\","        {{env.npm_package_name}} (v{{env.npm_package_version}})\\n\\","<!-- utility2-comment\\n\\","    </a>\\n\\","utility2-comment -->\\n\\","</h1>\\n\\","<h3>{{env.npm_package_description}}</h3>\\n\\","<!-- utility2-comment\\n\\","<h4><a download href=\"assets.app.js\">download standalone app</a></h4>\\n\\","<button class=\"onclick onreset\" id=\"testRunButton1\">run internal test</button><br>\\n\\","<div id=\"testReportDiv1\" style=\"display: none;\"></div>\\n\\","utility2-comment -->\\n\\","\\n\\","\\n\\","\\n\\","<label>stderr and stdout</label>\\n\\","<textarea class=\"resettable\" id=\"outputTextareaStdout1\" readonly></textarea>\\n\\","<!-- utility2-comment\\n\\","{{#if isRollup}}\\n\\","<script src=\"assets.app.js\"></script>\\n\\","{{#unless isRollup}}\\n\\","utility2-comment -->\\n\\","<script src=\"assets.utility2.rollup.js\"></script>\\n\\","<script src=\"jsonp.utility2._stateInit?callback=window.utility2._stateInit\"></script>\\n\\","<script src=\"assets.npmtest_concurrently.rollup.js\"></script>\\n\\","<script src=\"assets.example.js\"></script>\\n\\","<script src=\"assets.test.js\"></script>\\n\\","<!-- utility2-comment\\n\\","{{/if isRollup}}\\n\\","utility2-comment -->\\n\\","<div class=\"utility2FooterDiv\">\\n\\","    [ this app was created with\\n\\","    <a href=\"https://github.com/kaizhu256/node-utility2\" target=\"_blank\">utility2</a>\\n\\","    ]\\n\\","</div>\\n\\","</body>\\n\\","</html>\\n\\","';","        /* jslint-ignore-end */","        if (local.templateRender) {","            local.assetsDict['/'] = local.templateRender(","                local.assetsDict['/assets.index.template.html'],","                {","                    env: local.objectSetDefault(local.env, {","                        npm_package_description: 'the greatest app in the world!',","                        npm_package_name: 'my-app',","                        npm_package_nameAlias: 'my_app',","                        npm_package_version: '0.0.1'","                    })","                }","            );","        } else {","            local.assetsDict['/'] = local.assetsDict['/assets.index.template.html']","                .replace((/\\{\\{env\\.(\\w+?)\\}\\}/g), function (match0, match1) {","                    // jslint-hack","                    String(match0);","                    switch (match1) {","                    case 'npm_package_description':","                        return 'the greatest app in the world!';","                    case 'npm_package_name':","                        return 'my-app';","                    case 'npm_package_nameAlias':","                        return 'my_app';","                    case 'npm_package_version':","                        return '0.0.1';","                    }","                });","        }","        // run the cli","        if (local.global.utility2_rollup || module !== require.main) {","            break;","        }","        local.assetsDict['/assets.example.js'] =","            local.assetsDict['/assets.example.js'] ||","            local.fs.readFileSync(__filename, 'utf8');","        // bug-workaround - long $npm_package_buildCustomOrg","        /* jslint-ignore-begin */","        local.assetsDict['/assets.npmtest_concurrently.rollup.js'] =","            local.assetsDict['/assets.npmtest_concurrently.rollup.js'] ||","            local.fs.readFileSync(","                local.npmtest_concurrently.__dirname + '/lib.npmtest_concurrently.js',","                'utf8'","            ).replace((/^#!/), '//');","        /* jslint-ignore-end */","        local.assetsDict['/favicon.ico'] = local.assetsDict['/favicon.ico'] || '';","        // if $npm_config_timeout_exit exists,","        // then exit this process after $npm_config_timeout_exit ms","        if (Number(process.env.npm_config_timeout_exit)) {","            setTimeout(process.exit, Number(process.env.npm_config_timeout_exit));","        }","        // start server","        if (local.global.utility2_serverHttp1) {","            break;","        }","        process.env.PORT = process.env.PORT || '8081';","        console.error('server starting on port ' + process.env.PORT);","        local.http.createServer(function (request, response) {","            request.urlParsed = local.url.parse(request.url);","            if (local.assetsDict[request.urlParsed.pathname] !== undefined) {","                response.end(local.assetsDict[request.urlParsed.pathname]);","                return;","            }","            response.statusCode = 404;","            response.end();","        }).listen(process.env.PORT);","        break;","    }","}());",""],"l":{"26":2,"28":2,"33":2,"35":2,"37":2,"38":2,"39":2,"44":1,"51":2,"55":2,"59":2,"61":2,"69":1,"70":2,"76":2,"79":2,"82":2,"83":2,"85":1,"89":2,"92":1,"93":1,"94":1,"96":1,"97":1,"100":1,"101":1,"103":1,"106":1,"108":2,"114":1,"116":1,"118":1,"123":1,"124":2,"125":2,"126":3,"127":3,"128":3,"129":3,"130":1,"133":3,"134":3,"139":3,"143":1,"144":3,"145":1,"149":1,"150":1,"158":1,"160":1,"161":1,"162":1,"164":1,"166":1,"258":1,"259":1,"271":1,"274":6,"275":6,"277":1,"279":2,"281":1,"283":2,"288":1,"289":1,"291":1,"296":1,"303":1,"306":1,"307":1,"310":1,"311":1,"313":1,"314":1,"315":1,"316":1,"317":1,"318":1,"319":1,"321":1,"322":1,"324":1}},"/home/travis/build/npmtest/node-npmtest-concurrently/node_modules/concurrently/src/main.js":{"path":"/home/travis/build/npmtest/node-npmtest-concurrently/node_modules/concurrently/src/main.js","s":{"1":1,"2":1,"3":1,"4":1,"5":1,"6":1,"7":1,"8":1,"9":1,"10":1,"11":1,"12":1,"13":1,"14":1,"15":1,"16":0,"17":1,"18":1,"19":1,"20":1,"21":1,"22":1,"23":0,"24":0,"25":0,"26":0,"27":0,"28":1,"29":1,"30":1,"31":1,"32":0,"33":0,"34":0,"35":1,"36":1,"37":1,"38":1,"39":1,"40":1,"41":0,"42":0,"43":0,"44":0,"45":0,"46":0,"47":0,"48":0,"49":0,"50":0,"51":0,"52":0,"53":0,"54":0,"55":0,"56":0,"57":0,"58":0,"59":1,"60":0,"61":0,"62":0,"63":0,"64":0,"65":0,"66":0,"67":0,"68":1,"69":1,"70":1,"71":1,"72":1,"73":1,"74":2,"75":0,"76":0,"77":1,"78":2,"79":2,"80":2,"81":0,"82":0,"83":0,"84":1,"85":1,"86":1,"87":1,"88":1,"89":1,"90":1,"91":0,"92":0,"93":0,"94":0,"95":0,"96":0,"97":0,"98":0,"99":0,"100":0,"101":0,"102":0,"103":0,"104":0,"105":0,"106":0,"107":0,"108":0,"109":1,"110":0,"111":0,"112":0,"113":1,"114":0,"115":0,"116":0,"117":0,"118":0,"119":0,"120":0,"121":0,"122":0,"123":1,"124":1,"125":1,"126":1,"127":0,"128":0,"129":0,"130":1,"131":0,"132":0,"133":0,"134":1,"135":0,"136":0,"137":0,"138":0,"139":0,"140":0,"141":1,"142":0,"143":0,"144":0,"145":0,"146":0,"147":0,"148":0,"149":0,"150":0,"151":1,"152":0,"153":0,"154":0,"155":0,"156":0,"157":0,"158":0,"159":0,"160":1,"161":0,"162":1,"163":0,"164":0,"165":0,"166":1,"167":0,"168":1,"169":0,"170":0,"171":0,"172":0,"173":0,"174":0,"175":0,"176":0,"177":0,"178":0,"179":0,"180":0,"181":0,"182":0,"183":1},"b":{"1":[0,1],"2":[1,1],"3":[0,0],"4":[0,0],"5":[0,0],"6":[0,0],"7":[0,0],"8":[0,0],"9":[0,0],"10":[0,0],"11":[1,0],"12":[0,0],"13":[0,0],"14":[0,0],"15":[0,0],"16":[0,0],"17":[0,0,0],"18":[0,0],"19":[0,0],"20":[0,0],"21":[0,0],"22":[0,0],"23":[0,0],"24":[0,0],"25":[0,0],"26":[0,0],"27":[0,0]},"f":{"1":1,"2":1,"3":0,"4":1,"5":0,"6":1,"7":0,"8":0,"9":0,"10":0,"11":2,"12":0,"13":0,"14":2,"15":0,"16":1,"17":0,"18":0,"19":0,"20":0,"21":0,"22":0,"23":1,"24":0,"25":0,"26":0,"27":0,"28":0,"29":0,"30":0,"31":0,"32":0,"33":0,"34":0},"fnMap":{"1":{"name":"main","line":52,"loc":{"start":{"line":52,"column":0},"end":{"line":52,"column":16}}},"2":{"name":"parseArgs","line":64,"loc":{"start":{"line":64,"column":0},"end":{"line":64,"column":21}}},"3":{"name":"(anonymous_3)","line":131,"loc":{"start":{"line":131,"column":25},"end":{"line":131,"column":36}}},"4":{"name":"mergeDefaultsWithArgs","line":170,"loc":{"start":{"line":170,"column":0},"end":{"line":170,"column":39}}},"5":{"name":"stripCmdQuotes","line":175,"loc":{"start":{"line":175,"column":0},"end":{"line":175,"column":29}}},"6":{"name":"run","line":184,"loc":{"start":{"line":184,"column":0},"end":{"line":184,"column":23}}},"7":{"name":"(anonymous_7)","line":189,"loc":{"start":{"line":189,"column":35},"end":{"line":189,"column":56}}},"8":{"name":"(anonymous_8)","line":226,"loc":{"start":{"line":226,"column":34},"end":{"line":226,"column":50}}},"9":{"name":"(anonymous_9)","line":236,"loc":{"start":{"line":236,"column":38},"end":{"line":236,"column":66}}},"10":{"name":"(anonymous_10)","line":237,"loc":{"start":{"line":237,"column":35},"end":{"line":237,"column":50}}},"11":{"name":"(anonymous_11)","line":252,"loc":{"start":{"line":252,"column":34},"end":{"line":252,"column":51}}},"12":{"name":"(anonymous_12)","line":253,"loc":{"start":{"line":253,"column":25},"end":{"line":253,"column":36}}},"13":{"name":"(anonymous_13)","line":254,"loc":{"start":{"line":254,"column":25},"end":{"line":254,"column":41}}},"14":{"name":"handleOutput","line":261,"loc":{"start":{"line":261,"column":0},"end":{"line":261,"column":53}}},"15":{"name":"(anonymous_15)","line":265,"loc":{"start":{"line":265,"column":35},"end":{"line":265,"column":51}}},"16":{"name":"handleClose","line":272,"loc":{"start":{"line":272,"column":0},"end":{"line":272,"column":54}}},"17":{"name":"(anonymous_17)","line":280,"loc":{"start":{"line":280,"column":26},"end":{"line":280,"column":42}}},"18":{"name":"(anonymous_18)","line":290,"loc":{"start":{"line":290,"column":48},"end":{"line":290,"column":64}}},"19":{"name":"killOtherProcesses","line":309,"loc":{"start":{"line":309,"column":0},"end":{"line":309,"column":39}}},"20":{"name":"(anonymous_20)","line":313,"loc":{"start":{"line":313,"column":22},"end":{"line":313,"column":38}}},"21":{"name":"exit","line":318,"loc":{"start":{"line":318,"column":0},"end":{"line":318,"column":30}}},"22":{"name":"(anonymous_22)","line":328,"loc":{"start":{"line":328,"column":46},"end":{"line":328,"column":61}}},"23":{"name":"handleError","line":335,"loc":{"start":{"line":335,"column":0},"end":{"line":335,"column":44}}},"24":{"name":"(anonymous_24)","line":340,"loc":{"start":{"line":340,"column":33},"end":{"line":340,"column":49}}},"25":{"name":"colorText","line":347,"loc":{"start":{"line":347,"column":0},"end":{"line":347,"column":32}}},"26":{"name":"getPrefix","line":355,"loc":{"start":{"line":355,"column":0},"end":{"line":355,"column":40}}},"27":{"name":"(anonymous_27)","line":361,"loc":{"start":{"line":361,"column":30},"end":{"line":361,"column":55}}},"28":{"name":"getPrefixes","line":367,"loc":{"start":{"line":367,"column":0},"end":{"line":367,"column":42}}},"29":{"name":"shortenText","line":381,"loc":{"start":{"line":381,"column":0},"end":{"line":381,"column":40}}},"30":{"name":"log","line":395,"loc":{"start":{"line":395,"column":0},"end":{"line":395,"column":40}}},"31":{"name":"logEvent","line":399,"loc":{"start":{"line":399,"column":0},"end":{"line":399,"column":45}}},"32":{"name":"logError","line":405,"loc":{"start":{"line":405,"column":0},"end":{"line":405,"column":45}}},"33":{"name":"logWithPrefix","line":411,"loc":{"start":{"line":411,"column":0},"end":{"line":411,"column":57}}},"34":{"name":"(anonymous_34)","line":430,"loc":{"start":{"line":430,"column":35},"end":{"line":430,"column":53}}}},"statementMap":{"1":{"start":{"line":3,"column":0},"end":{"line":3,"column":23}},"2":{"start":{"line":4,"column":0},"end":{"line":4,"column":27}},"3":{"start":{"line":5,"column":0},"end":{"line":5,"column":44}},"4":{"start":{"line":6,"column":0},"end":{"line":6,"column":35}},"5":{"start":{"line":7,"column":0},"end":{"line":7,"column":26}},"6":{"start":{"line":8,"column":0},"end":{"line":8,"column":36}},"7":{"start":{"line":9,"column":0},"end":{"line":9,"column":29}},"8":{"start":{"line":10,"column":0},"end":{"line":10,"column":37}},"9":{"start":{"line":11,"column":0},"end":{"line":11,"column":46}},"10":{"start":{"line":12,"column":0},"end":{"line":12,"column":47}},"11":{"start":{"line":14,"column":0},"end":{"line":50,"column":2}},"12":{"start":{"line":52,"column":0},"end":{"line":62,"column":1}},"13":{"start":{"line":53,"column":4},"end":{"line":53,"column":51}},"14":{"start":{"line":54,"column":4},"end":{"line":54,"column":52}},"15":{"start":{"line":55,"column":4},"end":{"line":57,"column":5}},"16":{"start":{"line":56,"column":8},"end":{"line":56,"column":100}},"17":{"start":{"line":59,"column":4},"end":{"line":59,"column":16}},"18":{"start":{"line":60,"column":4},"end":{"line":60,"column":43}},"19":{"start":{"line":61,"column":4},"end":{"line":61,"column":22}},"20":{"start":{"line":64,"column":0},"end":{"line":168,"column":1}},"21":{"start":{"line":65,"column":4},"end":{"line":129,"column":10}},"22":{"start":{"line":131,"column":4},"end":{"line":165,"column":7}},"23":{"start":{"line":132,"column":8},"end":{"line":159,"column":10}},"24":{"start":{"line":160,"column":8},"end":{"line":160,"column":37}},"25":{"start":{"line":162,"column":8},"end":{"line":162,"column":67}},"26":{"start":{"line":163,"column":8},"end":{"line":163,"column":56}},"27":{"start":{"line":164,"column":8},"end":{"line":164,"column":24}},"28":{"start":{"line":167,"column":4},"end":{"line":167,"column":32}},"29":{"start":{"line":170,"column":0},"end":{"line":173,"column":1}},"30":{"start":{"line":172,"column":4},"end":{"line":172,"column":36}},"31":{"start":{"line":175,"column":0},"end":{"line":182,"column":1}},"32":{"start":{"line":177,"column":4},"end":{"line":181,"column":5}},"33":{"start":{"line":178,"column":8},"end":{"line":178,"column":45}},"34":{"start":{"line":180,"column":8},"end":{"line":180,"column":19}},"35":{"start":{"line":184,"column":0},"end":{"line":259,"column":1}},"36":{"start":{"line":185,"column":4},"end":{"line":185,"column":26}},"37":{"start":{"line":186,"column":4},"end":{"line":186,"column":55}},"38":{"start":{"line":187,"column":4},"end":{"line":187,"column":54}},"39":{"start":{"line":188,"column":4},"end":{"line":188,"column":57}},"40":{"start":{"line":189,"column":4},"end":{"line":223,"column":7}},"41":{"start":{"line":191,"column":8},"end":{"line":191,"column":34}},"42":{"start":{"line":193,"column":8},"end":{"line":193,"column":61}},"43":{"start":{"line":194,"column":8},"end":{"line":196,"column":9}},"44":{"start":{"line":195,"column":12},"end":{"line":195,"column":39}},"45":{"start":{"line":197,"column":8},"end":{"line":199,"column":9}},"46":{"start":{"line":198,"column":10},"end":{"line":198,"column":88}},"47":{"start":{"line":201,"column":8},"end":{"line":201,"column":18}},"48":{"start":{"line":202,"column":8},"end":{"line":208,"column":9}},"49":{"start":{"line":203,"column":12},"end":{"line":203,"column":42}},"50":{"start":{"line":205,"column":12},"end":{"line":205,"column":89}},"51":{"start":{"line":206,"column":12},"end":{"line":206,"column":50}},"52":{"start":{"line":207,"column":12},"end":{"line":207,"column":28}},"53":{"start":{"line":210,"column":8},"end":{"line":213,"column":9}},"54":{"start":{"line":211,"column":12},"end":{"line":211,"column":54}},"55":{"start":{"line":212,"column":12},"end":{"line":212,"column":76}},"56":{"start":{"line":215,"column":8},"end":{"line":215,"column":60}},"57":{"start":{"line":216,"column":8},"end":{"line":221,"column":10}},"58":{"start":{"line":222,"column":8},"end":{"line":222,"column":21}},"59":{"start":{"line":226,"column":4},"end":{"line":243,"column":7}},"60":{"start":{"line":227,"column":8},"end":{"line":230,"column":10}},"61":{"start":{"line":231,"column":8},"end":{"line":234,"column":9}},"62":{"start":{"line":232,"column":12},"end":{"line":232,"column":75}},"63":{"start":{"line":233,"column":12},"end":{"line":233,"column":75}},"64":{"start":{"line":236,"column":8},"end":{"line":242,"column":15}},"65":{"start":{"line":237,"column":12},"end":{"line":239,"column":15}},"66":{"start":{"line":238,"column":16},"end":{"line":238,"column":50}},"67":{"start":{"line":241,"column":12},"end":{"line":241,"column":24}},"68":{"start":{"line":245,"column":4},"end":{"line":245,"column":49}},"69":{"start":{"line":246,"column":4},"end":{"line":246,"column":39}},"70":{"start":{"line":247,"column":4},"end":{"line":250,"column":5}},"71":{"start":{"line":248,"column":8},"end":{"line":248,"column":54}},"72":{"start":{"line":249,"column":8},"end":{"line":249,"column":54}},"73":{"start":{"line":252,"column":4},"end":{"line":258,"column":7}},"74":{"start":{"line":253,"column":6},"end":{"line":257,"column":9}},"75":{"start":{"line":254,"column":8},"end":{"line":256,"column":11}},"76":{"start":{"line":255,"column":10},"end":{"line":255,"column":38}},"77":{"start":{"line":261,"column":0},"end":{"line":270,"column":1}},"78":{"start":{"line":262,"column":4},"end":{"line":262,"column":47}},"79":{"start":{"line":263,"column":4},"end":{"line":263,"column":78}},"80":{"start":{"line":265,"column":4},"end":{"line":269,"column":7}},"81":{"start":{"line":266,"column":8},"end":{"line":266,"column":58}},"82":{"start":{"line":267,"column":8},"end":{"line":267,"column":68}},"83":{"start":{"line":268,"column":8},"end":{"line":268,"column":56}},"84":{"start":{"line":272,"column":0},"end":{"line":307,"column":1}},"85":{"start":{"line":273,"column":4},"end":{"line":273,"column":42}},"86":{"start":{"line":274,"column":4},"end":{"line":274,"column":23}},"87":{"start":{"line":275,"column":4},"end":{"line":275,"column":47}},"88":{"start":{"line":276,"column":4},"end":{"line":276,"column":68}},"89":{"start":{"line":277,"column":4},"end":{"line":277,"column":28}},"90":{"start":{"line":280,"column":4},"end":{"line":306,"column":7}},"91":{"start":{"line":281,"column":8},"end":{"line":281,"column":34}},"92":{"start":{"line":282,"column":8},"end":{"line":282,"column":40}},"93":{"start":{"line":283,"column":8},"end":{"line":283,"column":33}},"94":{"start":{"line":285,"column":8},"end":{"line":285,"column":58}},"95":{"start":{"line":286,"column":8},"end":{"line":286,"column":68}},"96":{"start":{"line":287,"column":8},"end":{"line":287,"column":60}},"97":{"start":{"line":288,"column":8},"end":{"line":288,"column":81}},"98":{"start":{"line":290,"column":8},"end":{"line":292,"column":11}},"99":{"start":{"line":291,"column":12},"end":{"line":291,"column":49}},"100":{"start":{"line":294,"column":8},"end":{"line":296,"column":9}},"101":{"start":{"line":295,"column":12},"end":{"line":295,"column":28}},"102":{"start":{"line":297,"column":8},"end":{"line":305,"column":9}},"103":{"start":{"line":298,"column":10},"end":{"line":304,"column":11}},"104":{"start":{"line":299,"column":12},"end":{"line":299,"column":46}},"105":{"start":{"line":300,"column":12},"end":{"line":300,"column":32}},"106":{"start":{"line":301,"column":17},"end":{"line":304,"column":11}},"107":{"start":{"line":302,"column":12},"end":{"line":302,"column":46}},"108":{"start":{"line":303,"column":12},"end":{"line":303,"column":32}},"109":{"start":{"line":309,"column":0},"end":{"line":316,"column":1}},"110":{"start":{"line":310,"column":4},"end":{"line":310,"column":77}},"111":{"start":{"line":313,"column":4},"end":{"line":315,"column":7}},"112":{"start":{"line":314,"column":8},"end":{"line":314,"column":39}},"113":{"start":{"line":318,"column":0},"end":{"line":333,"column":1}},"114":{"start":{"line":319,"column":4},"end":{"line":319,"column":16}},"115":{"start":{"line":320,"column":4},"end":{"line":331,"column":5}},"116":{"start":{"line":322,"column":12},"end":{"line":322,"column":52}},"117":{"start":{"line":323,"column":12},"end":{"line":323,"column":18}},"118":{"start":{"line":325,"column":12},"end":{"line":325,"column":51}},"119":{"start":{"line":326,"column":12},"end":{"line":326,"column":18}},"120":{"start":{"line":328,"column":12},"end":{"line":330,"column":15}},"121":{"start":{"line":329,"column":16},"end":{"line":329,"column":34}},"122":{"start":{"line":332,"column":4},"end":{"line":332,"column":34}},"123":{"start":{"line":335,"column":0},"end":{"line":345,"column":1}},"124":{"start":{"line":337,"column":4},"end":{"line":337,"column":47}},"125":{"start":{"line":338,"column":4},"end":{"line":338,"column":75}},"126":{"start":{"line":340,"column":4},"end":{"line":344,"column":7}},"127":{"start":{"line":341,"column":8},"end":{"line":341,"column":60}},"128":{"start":{"line":342,"column":8},"end":{"line":342,"column":89}},"129":{"start":{"line":343,"column":8},"end":{"line":343,"column":55}},"130":{"start":{"line":347,"column":0},"end":{"line":353,"column":1}},"131":{"start":{"line":348,"column":4},"end":{"line":352,"column":5}},"132":{"start":{"line":349,"column":8},"end":{"line":349,"column":20}},"133":{"start":{"line":351,"column":8},"end":{"line":351,"column":27}},"134":{"start":{"line":355,"column":0},"end":{"line":365,"column":1}},"135":{"start":{"line":356,"column":4},"end":{"line":356,"column":52}},"136":{"start":{"line":357,"column":4},"end":{"line":359,"column":5}},"137":{"start":{"line":358,"column":8},"end":{"line":358,"column":52}},"138":{"start":{"line":361,"column":4},"end":{"line":364,"column":28}},"139":{"start":{"line":362,"column":8},"end":{"line":362,"column":50}},"140":{"start":{"line":363,"column":8},"end":{"line":363,"column":37}},"141":{"start":{"line":367,"column":0},"end":{"line":379,"column":1}},"142":{"start":{"line":368,"column":4},"end":{"line":368,"column":22}},"143":{"start":{"line":370,"column":4},"end":{"line":370,"column":23}},"144":{"start":{"line":371,"column":4},"end":{"line":371,"column":29}},"145":{"start":{"line":372,"column":4},"end":{"line":372,"column":51}},"146":{"start":{"line":373,"column":4},"end":{"line":373,"column":49}},"147":{"start":{"line":374,"column":4},"end":{"line":374,"column":67}},"148":{"start":{"line":376,"column":4},"end":{"line":376,"column":50}},"149":{"start":{"line":377,"column":4},"end":{"line":377,"column":65}},"150":{"start":{"line":378,"column":4},"end":{"line":378,"column":20}},"151":{"start":{"line":381,"column":0},"end":{"line":393,"column":1}},"152":{"start":{"line":382,"column":4},"end":{"line":384,"column":5}},"153":{"start":{"line":383,"column":8},"end":{"line":383,"column":20}},"154":{"start":{"line":385,"column":4},"end":{"line":385,"column":39}},"155":{"start":{"line":387,"column":4},"end":{"line":387,"column":43}},"156":{"start":{"line":388,"column":4},"end":{"line":388,"column":41}},"157":{"start":{"line":390,"column":4},"end":{"line":390,"column":47}},"158":{"start":{"line":391,"column":4},"end":{"line":391,"column":68}},"159":{"start":{"line":392,"column":4},"end":{"line":392,"column":30}},"160":{"start":{"line":395,"column":0},"end":{"line":397,"column":1}},"161":{"start":{"line":396,"column":4},"end":{"line":396,"column":45}},"162":{"start":{"line":399,"column":0},"end":{"line":403,"column":1}},"163":{"start":{"line":400,"column":4},"end":{"line":400,"column":27}},"164":{"start":{"line":400,"column":20},"end":{"line":400,"column":27}},"165":{"start":{"line":402,"column":4},"end":{"line":402,"column":61}},"166":{"start":{"line":405,"column":0},"end":{"line":409,"column":1}},"167":{"start":{"line":408,"column":4},"end":{"line":408,"column":61}},"168":{"start":{"line":411,"column":0},"end":{"line":436,"column":1}},"169":{"start":{"line":412,"column":4},"end":{"line":412,"column":41}},"170":{"start":{"line":413,"column":4},"end":{"line":420,"column":5}},"171":{"start":{"line":414,"column":8},"end":{"line":416,"column":9}},"172":{"start":{"line":415,"column":12},"end":{"line":415,"column":25}},"173":{"start":{"line":418,"column":8},"end":{"line":418,"column":35}},"174":{"start":{"line":419,"column":8},"end":{"line":419,"column":15}},"175":{"start":{"line":422,"column":4},"end":{"line":425,"column":5}},"176":{"start":{"line":424,"column":8},"end":{"line":424,"column":46}},"177":{"start":{"line":427,"column":4},"end":{"line":427,"column":33}},"178":{"start":{"line":429,"column":4},"end":{"line":429,"column":79}},"179":{"start":{"line":430,"column":4},"end":{"line":433,"column":7}},"180":{"start":{"line":431,"column":8},"end":{"line":431,"column":64}},"181":{"start":{"line":432,"column":8},"end":{"line":432,"column":43}},"182":{"start":{"line":435,"column":4},"end":{"line":435,"column":40}},"183":{"start":{"line":438,"column":0},"end":{"line":438,"column":7}}},"branchMap":{"1":{"line":55,"type":"if","locations":[{"start":{"line":55,"column":4},"end":{"line":55,"column":4}},{"start":{"line":55,"column":4},"end":{"line":55,"column":4}}]},"2":{"line":55,"type":"binary-expr","locations":[{"start":{"line":55,"column":8},"end":{"line":55,"column":34}},{"start":{"line":55,"column":38},"end":{"line":55,"column":65}}]},"3":{"line":177,"type":"if","locations":[{"start":{"line":177,"column":4},"end":{"line":177,"column":4}},{"start":{"line":177,"column":4},"end":{"line":177,"column":4}}]},"4":{"line":177,"type":"binary-expr","locations":[{"start":{"line":177,"column":8},"end":{"line":177,"column":22}},{"start":{"line":177,"column":26},"end":{"line":177,"column":41}}]},"5":{"line":193,"type":"cond-expr","locations":[{"start":{"line":193,"column":37},"end":{"line":193,"column":55}},{"start":{"line":193,"column":58},"end":{"line":193,"column":60}}]},"6":{"line":194,"type":"if","locations":[{"start":{"line":194,"column":8},"end":{"line":194,"column":8}},{"start":{"line":194,"column":8},"end":{"line":194,"column":8}}]},"7":{"line":197,"type":"if","locations":[{"start":{"line":197,"column":8},"end":{"line":197,"column":8}},{"start":{"line":197,"column":8},"end":{"line":197,"column":8}}]},"8":{"line":210,"type":"if","locations":[{"start":{"line":210,"column":8},"end":{"line":210,"column":8}},{"start":{"line":210,"column":8},"end":{"line":210,"column":8}}]},"9":{"line":215,"type":"cond-expr","locations":[{"start":{"line":215,"column":42},"end":{"line":215,"column":54}},{"start":{"line":215,"column":57},"end":{"line":215,"column":59}}]},"10":{"line":231,"type":"if","locations":[{"start":{"line":231,"column":8},"end":{"line":231,"column":8}},{"start":{"line":231,"column":8},"end":{"line":231,"column":8}}]},"11":{"line":247,"type":"if","locations":[{"start":{"line":247,"column":4},"end":{"line":247,"column":4}},{"start":{"line":247,"column":4},"end":{"line":247,"column":4}}]},"12":{"line":294,"type":"if","locations":[{"start":{"line":294,"column":8},"end":{"line":294,"column":8}},{"start":{"line":294,"column":8},"end":{"line":294,"column":8}}]},"13":{"line":297,"type":"if","locations":[{"start":{"line":297,"column":8},"end":{"line":297,"column":8}},{"start":{"line":297,"column":8},"end":{"line":297,"column":8}}]},"14":{"line":298,"type":"if","locations":[{"start":{"line":298,"column":10},"end":{"line":298,"column":10}},{"start":{"line":298,"column":10},"end":{"line":298,"column":10}}]},"15":{"line":301,"type":"if","locations":[{"start":{"line":301,"column":17},"end":{"line":301,"column":17}},{"start":{"line":301,"column":17},"end":{"line":301,"column":17}}]},"16":{"line":301,"type":"binary-expr","locations":[{"start":{"line":301,"column":21},"end":{"line":301,"column":44}},{"start":{"line":301,"column":48},"end":{"line":301,"column":58}}]},"17":{"line":320,"type":"switch","locations":[{"start":{"line":321,"column":8},"end":{"line":323,"column":18}},{"start":{"line":324,"column":8},"end":{"line":326,"column":18}},{"start":{"line":327,"column":8},"end":{"line":330,"column":15}}]},"18":{"line":332,"type":"cond-expr","locations":[{"start":{"line":332,"column":27},"end":{"line":332,"column":28}},{"start":{"line":332,"column":31},"end":{"line":332,"column":32}}]},"19":{"line":348,"type":"if","locations":[{"start":{"line":348,"column":4},"end":{"line":348,"column":4}},{"start":{"line":348,"column":4},"end":{"line":348,"column":4}}]},"20":{"line":357,"type":"if","locations":[{"start":{"line":357,"column":4},"end":{"line":357,"column":4}},{"start":{"line":357,"column":4},"end":{"line":357,"column":4}}]},"21":{"line":382,"type":"if","locations":[{"start":{"line":382,"column":4},"end":{"line":382,"column":4}},{"start":{"line":382,"column":4},"end":{"line":382,"column":4}}]},"22":{"line":385,"type":"cond-expr","locations":[{"start":{"line":385,"column":28},"end":{"line":385,"column":31}},{"start":{"line":385,"column":34},"end":{"line":385,"column":38}}]},"23":{"line":400,"type":"if","locations":[{"start":{"line":400,"column":4},"end":{"line":400,"column":4}},{"start":{"line":400,"column":4},"end":{"line":400,"column":4}}]},"24":{"line":413,"type":"if","locations":[{"start":{"line":413,"column":4},"end":{"line":413,"column":4}},{"start":{"line":413,"column":4},"end":{"line":413,"column":4}}]},"25":{"line":414,"type":"if","locations":[{"start":{"line":414,"column":8},"end":{"line":414,"column":8}},{"start":{"line":414,"column":8},"end":{"line":414,"column":8}}]},"26":{"line":422,"type":"if","locations":[{"start":{"line":422,"column":4},"end":{"line":422,"column":4}},{"start":{"line":422,"column":4},"end":{"line":422,"column":4}}]},"27":{"line":431,"type":"cond-expr","locations":[{"start":{"line":431,"column":34},"end":{"line":431,"column":56}},{"start":{"line":431,"column":59},"end":{"line":431,"column":63}}]}},"code":["//#!/usr/bin/env node","","var Rx = require('rx');","var path = require('path');","var formatDate = require('date-fns/format');","var program = require('commander');","var _ = require('lodash');","var treeKill = require('tree-kill');","var chalk = require('chalk');","var spawn = require('spawn-command');","var supportsColor = require('supports-color');","var IS_WINDOWS = /^win/.test(process.platform);","","var config = {","    // Kill other processes if one dies","    killOthers: false,","","    // Kill other processes if one exits with non zero status code","    killOthersOnFail: false,","","    // Return success or failure of the 'first' child to terminate, the 'last' child,","    // or succeed only if 'all' children succeed","    success: 'all',","","    // Prefix logging with pid","    // Possible values: 'pid', 'none', 'time', 'command', 'index', 'name'","    prefix: 'index',","","    // List of custom names to be used in prefix template","    names: '',","","    // What to split the list of custom names on","    nameSeparator: ',',","","    // Comma-separated list of chalk color paths to use on prefixes.","    prefixColors: 'gray.dim',","","    // moment/date-fns format","    timestampFormat: 'YYYY-MM-DD HH:mm:ss.SSS',","","    // How many characters to display from start of command in prefix if","    // command is defined. Note that also '..' will be added in the middle","    prefixLength: 10,","","    // By default, color output","    color: true,","","    // If true, the output will only be raw output of processes, nothing more","    raw: false","};","","function main() {","    var firstBase = path.basename(process.argv[0]);","    var secondBase = path.basename(process.argv[1]);","    if (firstBase === 'concurrent' || secondBase === 'concurrent') {","        console.error('Warning: \"concurrent\" command is deprecated, use \"concurrently\" instead.\\n');","    }","","    parseArgs();","    config = mergeDefaultsWithArgs(config);","    run(program.args);","}","","function parseArgs() {","    program","        .version(require('../package.json').version)","        .usage('[options] <command ...>')","        .option(","            '-k, --kill-others',","            'kill other processes if one exits or dies'","        )","        .option(","            '--kill-others-on-fail',","            'kill other processes if one exits with non zero status code'","        )","        .option(","            '--no-color',","            'disable colors from logging'","        )","        .option(","            '-p, --prefix <prefix>',","            'prefix used in logging for each process.\\n' +","            'Possible values: index, pid, time, command, name, none, or a template. Default: ' +","            config.prefix + '. Example template: \"{time}-{pid}\"\\n'","        )","        .option(","            '-n, --names <names>',","            'List of custom names to be used in prefix template.\\n' +","            'Example names: \"main,browser,server\"\\n'","        )","        .option(","            '--name-separator <char>',","            'The character to split <names> on.\\n' +","            'Default: \"' + config.nameSeparator + '\". Example usage: ' +","            'concurrently -n \"styles,scripts|server\" --name-separator \"|\" <command ...>\\n'","        )","        .option(","            '-c, --prefix-colors <colors>',","            'Comma-separated list of chalk colors to use on prefixes. If there are more commands than colors, the last color will be repeated.\\n' +","            'Available modifiers: reset, bold, dim, italic, underline, inverse, hidden, strikethrough\\n' +","            'Available colors: black, red, green, yellow, blue, magenta, cyan, white, gray\\n' +","            'Available background colors: bgBlack, bgRed, bgGreen, bgYellow, bgBlue, bgMagenta, bgCyan, bgWhite\\n' +","            'See https://www.npmjs.com/package/chalk for more information.\\n' +","            'Default: \"' + config.prefixColors + '\". Example: \"black.bgWhite,cyan,gray.dim\"\\n'","        )","        .option(","            '-t, --timestamp-format <format>',","            'specify the timestamp in moment/date-fns format. Default: ' +","            config.timestampFormat + '\\n'","        )","        .option(","            '-r, --raw',","            'output only raw output of processes,' +","            ' disables prettifying and concurrently coloring'","        )","        .option(","            '-s, --success <first|last|all>',","            'Return exit code of zero or one based on the success or failure ' +","            'of the \"first\" child to terminate, the \"last\" child, or succeed ' +","            ' only if \"all\" child processes succeed. Default: ' +","            config.success + '\\n'","        )","        .option(","            '-l, --prefix-length <length>',","            'limit how many characters of the command is displayed in prefix.\\n' +","            'The option can be used to shorten long commands.\\n' +","            'Works only if prefix is set to \"command\". Default: ' +","            config.prefixLength + '\\n'","        );","","    program.on('--help', function() {","        var help = [","            '  Examples:',","            '',","            '   - Kill other processes if one exits or dies',","            '',","            '       $ concurrently --kill-others \"grunt watch\" \"http-server\"',","            '',","            '   - Kill other processes if one exits with non zero status code',","            '',","            '       $ concurrently --kill-others-on-fail \"npm run build:client\" \"npm run build:server\"',","            '',","            '   - Output nothing more than stdout+stderr of child processes',","            '',","            '       $ concurrently --raw \"npm run watch-less\" \"npm run watch-js\"',","            '',","            '   - Normal output but without colors e.g. when logging to file',","            '',","            '       $ concurrently --no-color \"grunt watch\" \"http-server\" > log',","            '',","            '   - Custom prefix',","            '',","            '       $ concurrently --prefix \"{time}-{pid}\" \"npm run watch\" \"http-server\"',","            '',","            '   - Custom names and colored prefixes',","            '',","            '       $ concurrently --prefix \"[{name}]\" --names \"HTTP,WATCH\" -c \"bgBlue.bold,bgMagenta.bold\" \"npm run watch\" \"http-server\"',","            ''","        ];","        console.log(help.join('\\n'));","","        var url = 'https://github.com/kimmobrunfeldt/concurrently';","        console.log('  For more details, visit ' + url);","        console.log('');","    });","","    program.parse(process.argv);","}","","function mergeDefaultsWithArgs(config) {","    // This will pollute config object with other attributes from program too","    return _.merge(config, program);","}","","function stripCmdQuotes(cmd) {","    // Removes the quotes surrounding a command.","    if (cmd[0] === '\"' || cmd[0] === '\\'') {","        return cmd.substr(1, cmd.length - 2);","    } else {","        return cmd;","    }","}","","function run(commands) {","    var childrenInfo = {};","    var lastPrefixColor = _.get(chalk, chalk.gray.dim);","    var prefixColors = config.prefixColors.split(',');","    var names = config.names.split(config.nameSeparator);","    var children = _.map(commands, function(cmd, index) {","        // Remove quotes.","        cmd = stripCmdQuotes(cmd);","","        var spawnOpts = config.raw ? {stdio: 'inherit'} : {};","        if (IS_WINDOWS) {","            spawnOpts.detached = false;","        }","        if (supportsColor) {","          spawnOpts.env = Object.assign({FORCE_COLOR: supportsColor.level}, process.env)","        }","","        var child;","        try {","            child = spawn(cmd, spawnOpts);","        } catch (e) {","            logError('', chalk.gray.dim, 'Error occured when executing command: ' + cmd);","            logError('', chalk.gray.dim, e.stack);","            process.exit(1);","        }","","        if (index < prefixColors.length) {","            var prefixColorPath = prefixColors[index];","            lastPrefixColor = _.get(chalk, prefixColorPath, chalk.gray.dim);","        }","","        var name = index < names.length ? names[index] : '';","        childrenInfo[child.pid] = {","            command: cmd,","            index: index,","            name: name,","            prefixColor: lastPrefixColor","        };","        return child;","    });","","    // Transform all process events to rx streams","    var streams = _.map(children, function(child) {","        var childStreams = {","            error: Rx.Node.fromEvent(child, 'error'),","            close: Rx.Node.fromEvent(child, 'close')","        };","        if (!config.raw) {","            childStreams.stdout = Rx.Node.fromReadableStream(child.stdout);","            childStreams.stderr = Rx.Node.fromReadableStream(child.stderr);","        }","","        return _.reduce(childStreams, function(memo, stream, key) {","            memo[key] = stream.map(function(data) {","                return {child: child, data: data};","            });","","            return memo;","        }, {});","    });","","    handleClose(streams, children, childrenInfo);","    handleError(streams, childrenInfo);","    if (!config.raw) {","        handleOutput(streams, childrenInfo, 'stdout');","        handleOutput(streams, childrenInfo, 'stderr');","    }","","    ['SIGINT', 'SIGTERM'].forEach(function(signal) {","      process.on(signal, function() {","        children.forEach(function(child) {","          treeKill(child.pid, signal);","        });","      });","    });","}","","function handleOutput(streams, childrenInfo, source) {","    var sourceStreams = _.map(streams, source);","    var combinedSourceStream = Rx.Observable.merge.apply(this, sourceStreams);","","    combinedSourceStream.subscribe(function(event) {","        var prefix = getPrefix(childrenInfo, event.child);","        var prefixColor = childrenInfo[event.child.pid].prefixColor;","        log(prefix, prefixColor, event.data.toString());","    });","}","","function handleClose(streams, children, childrenInfo) {","    var aliveChildren = _.clone(children);","    var exitCodes = [];","    var closeStreams = _.map(streams, 'close');","    var closeStream = Rx.Observable.merge.apply(this, closeStreams);","    var othersKilled = false","","    // TODO: Is it possible that amount of close events !== count of spawned?","    closeStream.subscribe(function(event) {","        var exitCode = event.data;","        var nonSuccess = exitCode !== 0;","        exitCodes.push(exitCode);","","        var prefix = getPrefix(childrenInfo, event.child);","        var prefixColor = childrenInfo[event.child.pid].prefixColor;","        var command = childrenInfo[event.child.pid].command;","        logEvent(prefix, prefixColor, command + ' exited with code ' + exitCode);","","        aliveChildren = _.filter(aliveChildren, function(child) {","            return child.pid !== event.child.pid;","        });","","        if (aliveChildren.length === 0) {","            exit(exitCodes);","        }","        if (!othersKilled) {","          if (config.killOthers) {","            killOtherProcesses(aliveChildren);","            othersKilled = true;","          } else if (config.killOthersOnFail && nonSuccess) {","            killOtherProcesses(aliveChildren);","            othersKilled = true;","          }","        }","    });","}","","function killOtherProcesses(processes) {","    logEvent('--> ', chalk.gray.dim, 'Sending SIGTERM to other processes..');","","    // Send SIGTERM to alive children","    _.each(processes, function(child) {","        treeKill(child.pid, 'SIGTERM');","    });","}","","function exit(childExitCodes) {","    var success;","    switch (config.success) {","        case 'first':","            success = _.first(childExitCodes) === 0;","            break;","        case 'last':","            success = _.last(childExitCodes) === 0;","            break;","        default:","            success = _.every(childExitCodes, function(code) {","                return code === 0;","            });","    }","    process.exit(success ? 0 : 1);","}","","function handleError(streams, childrenInfo) {","    // Output emitted errors from child process","    var errorStreams = _.map(streams, 'error');","    var processErrorStream = Rx.Observable.merge.apply(this, errorStreams);","","    processErrorStream.subscribe(function(event) {","        var command = childrenInfo[event.child.pid].command;","        logError('', chalk.gray.dim, 'Error occured when executing command: ' + command);","        logError('', chalk.gray.dim, event.data.stack);","    });","}","","function colorText(text, color) {","    if (!config.color) {","        return text;","    } else {","        return color(text);","    }","}","","function getPrefix(childrenInfo, child) {","    var prefixes = getPrefixes(childrenInfo, child);","    if (_.includes(_.keys(prefixes), config.prefix)) {","        return '[' + prefixes[config.prefix] + '] ';","    }","","    return _.reduce(prefixes, function(memo, val, key) {","        var re = new RegExp('{' + key + '}', 'g');","        return memo.replace(re, val);","    }, config.prefix) + ' ';","}","","function getPrefixes(childrenInfo, child) {","    var prefixes = {};","","    prefixes.none = '';","    prefixes.pid = child.pid;","    prefixes.index = childrenInfo[child.pid].index;","    prefixes.name = childrenInfo[child.pid].name;","    prefixes.time = formatDate(Date.now(), config.timestampFormat);","","    var command = childrenInfo[child.pid].command;","    prefixes.command = shortenText(command, config.prefixLength);","    return prefixes;","}","","function shortenText(text, length, cut) {","    if (text.length <= length) {","        return text;","    }","    cut = _.isString(cut) ? cut : '..';","","    var endLength = Math.floor(length / 2);","    var startLength = length - endLength;","","    var first = text.substring(0, startLength);","    var last = text.substring(text.length - endLength, text.length);","    return first + cut + last;","}","","function log(prefix, prefixColor, text) {","    logWithPrefix(prefix, prefixColor, text);","}","","function logEvent(prefix, prefixColor, text) {","    if (config.raw) return;","","    logWithPrefix(prefix, prefixColor, text, chalk.gray.dim);","}","","function logError(prefix, prefixColor, text) {","    // This is for now same as log, there might be separate colors for stderr","    // and stdout","    logWithPrefix(prefix, prefixColor, text, chalk.red.bold);","}","","function logWithPrefix(prefix, prefixColor, text, color) {","    var lastChar = text[text.length - 1];","    if (config.raw) {","        if (lastChar !== '\\n') {","            text += '\\n';","        }","","        process.stdout.write(text);","        return;","    }","","    if (lastChar === '\\n') {","        // Remove extra newline from the end to prevent extra newlines in input","        text = text.slice(0, text.length - 1);","    }","","    var lines = text.split('\\n');","    // Do not bgColor trailing space","    var coloredPrefix = colorText(prefix.replace(/ $/, ''), prefixColor) + ' ';","    var paddedLines = _.map(lines, function(line, i) {","        var coloredLine = color ? colorText(line, color) : line;","        return coloredPrefix + coloredLine;","    });","","    console.log(paddedLines.join('\\n'));","}","","main();",""],"l":{"3":1,"4":1,"5":1,"6":1,"7":1,"8":1,"9":1,"10":1,"11":1,"12":1,"14":1,"52":1,"53":1,"54":1,"55":1,"56":0,"59":1,"60":1,"61":1,"64":1,"65":1,"131":1,"132":0,"160":0,"162":0,"163":0,"164":0,"167":1,"170":1,"172":1,"175":1,"177":0,"178":0,"180":0,"184":1,"185":1,"186":1,"187":1,"188":1,"189":1,"191":0,"193":0,"194":0,"195":0,"197":0,"198":0,"201":0,"202":0,"203":0,"205":0,"206":0,"207":0,"210":0,"211":0,"212":0,"215":0,"216":0,"222":0,"226":1,"227":0,"231":0,"232":0,"233":0,"236":0,"237":0,"238":0,"241":0,"245":1,"246":1,"247":1,"248":1,"249":1,"252":1,"253":2,"254":0,"255":0,"261":1,"262":2,"263":2,"265":2,"266":0,"267":0,"268":0,"272":1,"273":1,"274":1,"275":1,"276":1,"277":1,"280":1,"281":0,"282":0,"283":0,"285":0,"286":0,"287":0,"288":0,"290":0,"291":0,"294":0,"295":0,"297":0,"298":0,"299":0,"300":0,"301":0,"302":0,"303":0,"309":1,"310":0,"313":0,"314":0,"318":1,"319":0,"320":0,"322":0,"323":0,"325":0,"326":0,"328":0,"329":0,"332":0,"335":1,"337":1,"338":1,"340":1,"341":0,"342":0,"343":0,"347":1,"348":0,"349":0,"351":0,"355":1,"356":0,"357":0,"358":0,"361":0,"362":0,"363":0,"367":1,"368":0,"370":0,"371":0,"372":0,"373":0,"374":0,"376":0,"377":0,"378":0,"381":1,"382":0,"383":0,"385":0,"387":0,"388":0,"390":0,"391":0,"392":0,"395":1,"396":0,"399":1,"400":0,"402":0,"405":1,"408":0,"411":1,"412":0,"413":0,"414":0,"415":0,"418":0,"419":0,"422":0,"424":0,"427":0,"429":0,"430":0,"431":0,"432":0,"435":0,"438":1}},"/home/travis/build/npmtest/node-npmtest-concurrently/node_modules/concurrently/tst.js":{"path":"/home/travis/build/npmtest/node-npmtest-concurrently/node_modules/concurrently/tst.js","s":{"1":1,"2":0},"b":{},"f":{},"fnMap":{},"statementMap":{"1":{"start":{"line":1,"column":0},"end":{"line":1,"column":45}},"2":{"start":{"line":1,"column":16},"end":{"line":1,"column":37}}},"branchMap":{},"code":["setTimeout(() =>console.log(\"i win!\"), 3000);",""],"l":{"1":1}}}